"About" "О программе": rus="О программе" eng="About"
  Files changed: 







main.tcl 






































"Add" "Добавить": rus="Добавить" eng="Add"
  Files changed: 






















win_cofunc.tcl 























"Apply" "Применить": rus="Применить" eng="Apply"
  Files changed: 





















win_checkpnt.tcl 
























"As text..." "Как текст...": rus="Как текст..." eng="As text..."
  Files changed: 


































win_nncontr.tcl 

win_nnplant.tcl 









"Before startnSelect/create new user" "Перед началомnВыбор/создание нового пользователя": rus="Перед началомnВыбор/создание нового пользователя" eng="Before startnSelect/create new user"
  Files changed: 














































"Browse..." "Просмотреть...": rus="Просмотреть..." eng="Browse..."
  Files changed: 





















win_checkpnt.tcl 
























"CUSUM algorithm parameters" "Параметры алгоритма кумулятивных сумм": rus="Параметры алгоритма кумулятивных сумм" eng="CUSUM algorithm parameters"
  Files changed: 
























win_cusum.tcl 





















"Cancel" "Отмена": rus="Отмена" eng="Cancel"
  Files changed: 





files_loc.tcl 














universal.tcl 
win_checkpnt.tcl 
win_cofunc.tcl 
win_controller.tcl 
win_cusum.tcl 







win_model.tcl 
win_nncedit.tcl 
win_nncontr.tcl 

win_nnplant.tcl 

win_plant.tcl 



win_signal.tcl 
win_ssmodel.tcl 
win_textedit.tcl 
win_trfunc.tcl 
"Change..." "Изменить...": rus="Изменить..." eng="Change..."
  Files changed: 























win_controller.tcl 














win_plant.tcl 



win_signal.tcl 



"Choice" "Выбор": rus="Выбор" eng="Choice"
  Files changed: 






















win_cofunc.tcl 























"Choice..." "Выбор...": rus="Выбор..." eng="Choice..."
  Files changed: 























win_controller.tcl 








win_model.tcl 

win_nncontr.tcl 

win_nnplant.tcl 

win_plant.tcl 



win_signal.tcl 



"Close" "Закрыть": rus="Закрыть" eng="Close"
  Files changed: 



draw_nn.tcl 





nndisplay.tcl 










universal.tcl 




win_dcontrf.tcl 
win_dcontrp.tcl 
win_dcsloop_cusum.tcl 
win_dcsloop.tcl 
win_distr2d.tcl 
win_dplantid.tcl 
win_grseries.tcl 

win_nncedit.tcl 





win_rtseries.tcl 
win_series.tcl 





"Console" "Консоль": rus="Консоль" eng="Console"
  Files changed: 







main.tcl 






































"Control system loop:" "Контур автоматического управления:": rus="Контур автоматического управления:" eng="Control system loop:"
  Files changed: 



























win_dcsloop_cusum.tcl 
win_dcsloop.tcl 

















"Controller" "Регулятор": rus="Регулятор" eng="Controller"
  Files changed: 























win_controller.tcl 



win_dcsloop_cusum.tcl 
win_dcsloop.tcl 

















"Copy" "Копия": rus="Копия" eng="Copy"
  Files changed: 





files_loc.tcl 








































"Create" "Создать": rus="Создать" eng="Create"
  Files changed: 





files_loc.tcl 








































"Create..." "Создать...": rus="Создать..." eng="Create..."
  Files changed: 


































win_nncontr.tcl 

win_nnplant.tcl 





win_signal.tcl 



"Date: %sn" "Дата: %sn": rus="Дата: %sn" eng="Date: %sn"
  Files changed: 














































"Description:" "Описание:": rus="Описание:" eng="Description:"
  Files changed: 

























win_dcontrf.tcl 
win_dcontrp.tcl 
win_dcsloop_cusum.tcl 
win_dcsloop.tcl 

win_dplantid.tcl 















"Display..." "Показать...": rus="Показать..." eng="Display..."
  Files changed: 























win_controller.tcl 








win_model.tcl 

win_nncontr.tcl 

win_nnplant.tcl 





win_signal.tcl 



"Down" "Вниз": rus="Вниз" eng="Down"
  Files changed: 






















win_cofunc.tcl 























"Duplicate" "Дублировать": rus="Дублировать" eng="Duplicate"
  Files changed: 






















win_cofunc.tcl 























"Edit..." "Редактировать...": rus="Редактировать..." eng="Edit..."
  Files changed: 





















win_checkpnt.tcl 
























"Exit" "Выход": rus="Выход" eng="Exit"
  Files changed: 







main.tcl 






































"File name:" "Имя файла:": rus="Имя файла:" eng="File name:"
  Files changed: 





















win_checkpnt.tcl 

win_controller.tcl 








win_model.tcl 





win_plant.tcl 



win_signal.tcl 



"File statistics файлу:" "Статистика по файлу:": rus="Статистика по файлу:" eng="File statistics файлу:"
  Files changed: 




















universal.tcl 

























"Filter on white noise" "Фильтр на белый шум": rus="Фильтр на белый шум" eng="Filter on white noise"
  Files changed: 










































win_signal.tcl 



"From" "От": rus="От" eng="From"
  Files changed: 






















win_cofunc.tcl 























"Graphics" "Графики": rus="Графики" eng="Graphics"
  Files changed: 

























win_dcontrf.tcl 
win_dcontrp.tcl 
win_dcsloop_cusum.tcl 
win_dcsloop.tcl 

win_dplantid.tcl 















"Grid" "Сетка": rus="Сетка" eng="Grid"
  Files changed: 





























win_distr2d.tcl 

win_grseries.tcl 














"Hidden layer #%d" "Скрытый слой №%d": rus="Скрытый слой №%d" eng="Hidden layer #%d"
  Files changed: 














































"Hidden layers" "Скрытые слои": rus="Скрытые слои" eng="Hidden layers"
  Files changed: 

































win_nncedit.tcl 












"Initial neural network:" "Исходная нейронная сеть:": rus="Исходная нейронная сеть:" eng="Initial neural network:"
  Files changed: 


































win_nncontr.tcl 

win_nnplant.tcl 









"Input dimension" "Размерность входа": rus="Размерность входа" eng="Input dimension"
  Files changed: 

































win_nncedit.tcl 












"Inputs (w/repeat)" "Входы (с повтором)": rus="Входы (с повтором)" eng="Inputs (w/repeat)"
  Files changed: 

































win_nncedit.tcl 












"Inputs:" "Входы:": rus="Входы:" eng="Inputs:"
  Files changed: 


















test_gui_ssm.tcl 




win_controller.tcl 










win_nncontr.tcl 











"Inputs:" "Входы:": rus="Входы:" eng="Inputs:"
  Files changed: 














































"Legend" "Легенда": rus="Легенда" eng="Legend"
  Files changed: 





























win_distr2d.tcl 

win_grseries.tcl 














"Linear" "Линейная": rus="Линейная" eng="Linear"
  Files changed: 

































win_nncedit.tcl 












"Log" "Протокол": rus="Протокол" eng="Log"
  Files changed: 

























win_dcontrf.tcl 
win_dcontrp.tcl 
win_dcsloop_cusum.tcl 
win_dcsloop.tcl 

win_dplantid.tcl 















"Name" "Имя": rus="Имя" eng="Name"
  Files changed: 






















win_cofunc.tcl 























"Neural network controller training (NN-C) in the loop:" "Обучение нейронной сети регулятора (НС-Р) в контуре:": rus="Обучение нейронной сети регулятора (НС-Р) в контуре:" eng="Neural network controller training (NN-C) in the loop:"
  Files changed: 

























win_dcontrf.tcl 




















"Neural network model" "Нейросетевая модель": rus="Нейросетевая модель" eng="Neural network model"
  Files changed: 
































win_model.tcl 













"Neural network plant model" "Нейросетевая модель объекта": rus="Нейросетевая модель объекта" eng="Neural network plant model"
  Files changed: 




































win_nnplant.tcl 









"Neural network training (NN-C):" "Обучение нейронной сети (НС-Р):": rus="Обучение нейронной сети (НС-Р):" eng="Neural network training (NN-C):"
  Files changed: 


























win_dcontrp.tcl 



















"Neural network training (NN-P):" "Обучение нейронной сети (НС-О):": rus="Обучение нейронной сети (НС-О):" eng="Neural network training (NN-P):"
  Files changed: 






























win_dplantid.tcl 















"Neural network verification (NN-C):" "Проверка нейронной сети (НС-Р):": rus="Проверка нейронной сети (НС-Р):" eng="Neural network verification (NN-C):"
  Files changed: 


























win_dcontrp.tcl 



















"Neural network verification (NN-P):" "Проверка нейронной сети (НС-О):": rus="Проверка нейронной сети (НС-О):" eng="Neural network verification (NN-P):"
  Files changed: 






























win_dplantid.tcl 















"New" "Новый": rus="Новый" eng="New"
  Files changed: 





files_loc.tcl 








































"No type" "Без типа": rus="Без типа" eng="No type"
  Files changed: 






















win_cofunc.tcl 























"Noise signal" "Сигнал помехи": rus="Сигнал помехи" eng="Noise signal"
  Files changed: 










































win_signal.tcl 



"Nominal change u03c3u2081" "Номинальная разладка u03c3u2081": rus="Номинальная разладка u03c3u2081" eng="Nominal change u03c3u2081"
  Files changed: 














































"Nueral network controller" "Нейросетевой регулятор": rus="Нейросетевой регулятор" eng="Nueral network controller"
  Files changed: 























win_controller.tcl 










win_nncontr.tcl 











"OK" "OK": rus="OK" eng="OK"
  Files changed: 





files_loc.tcl 

main.tcl 












universal.tcl 
win_checkpnt.tcl 
win_cofunc.tcl 
win_controller.tcl 
win_cusum.tcl 







win_model.tcl 
win_nncedit.tcl 
win_nncontr.tcl 
win_nnpedit.tcl 
win_nnplant.tcl 

win_plant.tcl 



win_signal.tcl 
win_ssmodel.tcl 
win_textedit.tcl 
win_trfunc.tcl 
"Operations" "Операции": rus="Операции" eng="Operations"
  Files changed: 










































win_signal.tcl 



"Output dimension" "Размерность выхода": rus="Размерность выхода" eng="Output dimension"
  Files changed: 

































win_nncedit.tcl 












"Output function" "Выходная функция": rus="Выходная функция" eng="Output function"
  Files changed: 

































win_nncedit.tcl 












"Outputs (w/repeat)" "Выходы (с повтором)": rus="Выходы (с повтором)" eng="Outputs (w/repeat)"
  Files changed: 

































win_nncedit.tcl 












"Outputs:" "Выходы:": rus="Выходы:" eng="Outputs:"
  Files changed: 


















test_gui_ssm.tcl 



























"Parameters" "Параметры": rus="Параметры" eng="Parameters"
  Files changed: 






















win_cofunc.tcl 
win_controller.tcl 














win_plant.tcl 



win_signal.tcl 



"Plant model" "Модель объекта": rus="Модель объекта" eng="Plant model"
  Files changed: 
































win_model.tcl 













"Plant of control" "Объект управления": rus="Объект управления" eng="Plant of control"
  Files changed: 






































win_plant.tcl 







"Press me" "Нажми меня": rus="Нажми меня" eng="Press me"
  Files changed: 












parwtest.tcl 

































"Reference signal" "Сигнал уставки": rus="Сигнал уставки" eng="Reference signal"
  Files changed: 










































win_signal.tcl 



"Remove" "Удалить": rus="Удалить" eng="Remove"
  Files changed: 





files_loc.tcl 
















win_cofunc.tcl 






win_distr2d.tcl 

win_grseries.tcl 














"Reset" "Сброс": rus="Сброс" eng="Reset"
  Files changed: 














progressbar.tcl 































"Response" "Отклик": rus="Отклик" eng="Response"
  Files changed: 











































win_ssmodel.tcl 

win_trfunc.tcl 
"Run" "Запуск": rus="Запуск" eng="Run"
  Files changed: 














progressbar.tcl 































"Run" "Запустить": rus="Запустить" eng="Run"
  Files changed: 

























win_dcontrf.tcl 
win_dcontrp.tcl 
win_dcsloop_cusum.tcl 
win_dcsloop.tcl 

win_dplantid.tcl 















"Save" "Сохранить": rus="Сохранить" eng="Save"
  Files changed: 

































win_nncedit.tcl 










win_textedit.tcl 

"Schema" "Схема": rus="Схема" eng="Schema"
  Files changed: 






















win_cofunc.tcl 























"Second hit interval" "Интервал второго срабатывания": rus="Интервал второго срабатывания" eng="Second hit interval"
  Files changed: 
























win_cusum.tcl 





















"Select session:" "Выберите сеанс:": rus="Выберите сеанс:" eng="Select session:"
  Files changed: 





files_loc.tcl 








































"Select type of function" "Выберите тип функции": rus="Выберите тип функции" eng="Select type of function"
  Files changed: 













































win_trfunc.tcl 
"Select" "Выбрать": rus="Выбрать" eng="Select"
  Files changed: 





files_loc.tcl 








































"Series length:" "Длина ряда:": rus="Длина ряда:" eng="Series length:"
  Files changed: 










































win_signal.tcl 



"Series" "Ряды": rus="Ряды" eng="Series"
  Files changed: 





























win_distr2d.tcl 

win_grseries.tcl 














"Session" "Сеанс": rus="Сеанс" eng="Session"
  Files changed: 














































"Sigmoid" "Сигмоида": rus="Сигмоида" eng="Sigmoid"
  Files changed: 

































win_nncedit.tcl 












"Signal" "Сигнал": rus="Сигнал" eng="Signal"
  Files changed: 










































win_signal.tcl 



"Standard value u03c3u2080" "Стандартное значение u03c3u2080": rus="Стандартное значение u03c3u2080" eng="Standard value u03c3u2080"
  Files changed: 














































"States:" "Состояния:": rus="Состояния:" eng="States:"
  Files changed: 


















test_gui_ssm.tcl 



























"Stop" "Остановить": rus="Остановить" eng="Stop"
  Files changed: 







































win_rtseries.tcl 






"Threshold barrier" "Решающая граница": rus="Решающая граница" eng="Threshold barrier"
  Files changed: 
























win_cusum.tcl 





















"Time series from file" "Произвольный ряд в файле": rus="Произвольный ряд в файле" eng="Time series from file"
  Files changed: 










































win_signal.tcl 



"To" "До": rus="До" eng="To"
  Files changed: 






















win_cofunc.tcl 























"Traditional controller" "Традиционный регулятор": rus="Традиционный регулятор" eng="Traditional controller"
  Files changed: 























win_controller.tcl 






















"Training result:" "Результат обучения:": rus="Результат обучения:" eng="Training result:"
  Files changed: 


































win_nncontr.tcl 

win_nnplant.tcl 









"Type" "Тип": rus="Тип" eng="Type"
  Files changed: 






















win_cofunc.tcl 























"Undefined" "Неизвестны": rus="Неизвестны" eng="Undefined"
  Files changed: 






















win_cofunc.tcl 























"Unknown" "Неизвестен": rus="Неизвестен" eng="Unknown"
  Files changed: 






















win_cofunc.tcl 























"Up" "Вверх": rus="Вверх" eng="Up"
  Files changed: 






















win_cofunc.tcl 























"Update" "Обновить": rus="Обновить" eng="Update"
  Files changed: 





























win_distr2d.tcl 

win_grseries.tcl 














"Version: %s for %sn" "Версия: %s для %sn": rus="Версия: %s для %sn" eng="Version: %s for %sn"
  Files changed: 














































"View..." "Просмотр...": rus="Просмотр..." eng="View..."
  Files changed: 





















win_checkpnt.tcl 
























"Window screenshot" "Снимок окна": rus="Снимок окна" eng="Window screenshot"
  Files changed: 















screenshot.tcl 






























